2025-09-25 01:35:20 [INFO] 🚀 Starting scenario: Create User API - Positive Scenario 
2025-09-25 01:35:20 [INFO] Loading API spec: user-api.yaml 
2025-09-25 01:35:20 [INFO] 🔍 Resolving value token: 12345 
2025-09-25 01:35:20 [INFO] Override -> key: path:tenantId | value: 12345 
2025-09-25 01:35:20 [INFO] 🔍 Resolving value token: true 
2025-09-25 01:35:20 [INFO] Override -> key: query:verbose | value: true 
2025-09-25 01:35:20 [INFO] 🔍 Resolving value token: John Doe 
2025-09-25 01:35:20 [INFO] Override -> key: $.name | value: John Doe 
2025-09-25 01:35:20 [INFO] 🔍 Resolving value token: john@example.com 
2025-09-25 01:35:20 [INFO] Override -> key: $.email | value: john@example.com 
2025-09-25 01:35:20 [INFO] Calling API POST /v1/users/{tenantId} 
2025-09-25 01:35:20 [INFO] Path params: {tenantId=12345} 
2025-09-25 01:35:20 [INFO] Query params: {verbose=[true]} 
2025-09-25 01:35:20 [INFO] Request body: {"name":"John Doe","email":"john@example.com","address":{"city":"NYC","zip":"10001"}} 
2025-09-25 01:35:23 [INFO] Response status: 404 
2025-09-25 01:35:23 [INFO] Response body: {
    "timestamp": "2025-09-24T20:05:22.768+00:00",
    "status": 404,
    "error": "Not Found",
    "path": "/v1/users/12345"
} 
2025-09-25 01:35:24 [INFO] Asserting response status. Expected: 404, Actual: 404 
2025-09-25 01:35:24 [INFO] Asserting response status. Expected: 200, Actual: 200 
2025-09-25 01:35:24 [INFO] Asserting response status. Expected: 200, Actual: 200 
2025-09-25 01:35:24 [INFO] 🔎 Validating JSON response body:
{"timestamp":"2025-09-24T20:05:22.768+00:00","status":404,"error":"Not Found","path":"/v1/users/12345"} 
2025-09-25 01:35:24 [INFO] 🔍 Resolving value token: 404 
2025-09-25 01:35:24 [INFO] 🔎 Validating JSON response body:
{"id":"ff8081819782e69e01997d54a2d426dd","name":"Stephaine","createdAt":"2025-09-24T20:05:22.772+00:00","data":{"year":5591,"price":785.84,"CPU model":"Intel Core i9","Hard disk size":"1 TB"}} 
2025-09-25 01:35:24 [INFO] Asserting response status. Expected: 200, Actual: 200 
2025-09-25 01:35:24 [INFO] 🔎 Validating JSON response body:
{"id":"ff8081819782e69e01997d54a71926de","name":"Kiera","createdAt":"2025-09-24T20:05:23.865+00:00","data":{"year":2301,"price":837.33,"CPU model":"Intel Core i9","Hard disk size":"1 TB"}} 
2025-09-25 01:35:24 [INFO] Asserting response status. Expected: 200, Actual: 200 
2025-09-25 01:35:24 [INFO] 🔎 Validating JSON response body:
[{"id":"7","name":"Apple MacBook Pro 16","data":{"year":2019,"price":1849.99,"CPU model":"Intel Core i9","Hard disk size":"1 TB"}}] 
2025-09-25 01:35:24 [INFO] Validating response contains a list with size 13 
2025-09-25 01:35:24 [INFO] 🔎 Validating JSON response body:
[{"id":"1","name":"Google Pixel 6 Pro","data":{"color":"Cloudy White","capacity":"128 GB"}},{"id":"2","name":"Apple iPhone 12 Mini, 256GB, Blue","data":null},{"id":"3","name":"Apple iPhone 12 Pro Max","data":{"color":"Cloudy White","capacity GB":512}},{"id":"4","name":"Apple iPhone 11, 64GB","data":{"price":389.99,"color":"Purple"}},{"id":"5","name":"Samsung Galaxy Z Fold2","data":{"price":689.99,"color":"Brown"}},{"id":"6","name":"Apple AirPods","data":{"generation":"3rd","price":120}},{"id":"7","name":"Apple MacBook Pro 16","data":{"year":2019,"price":1849.99,"CPU model":"Intel Core i9","Hard disk size":"1 TB"}},{"id":"8","name":"Apple Watch Series 8","data":{"Strap Colour":"Elderberry","Case Size":"41mm"}},{"id":"9","name":"Beats Studio3 Wireless","data":{"Color":"Red","Description":"High-performance wireless noise cancelling headphones"}},{"id":"10","name":"Apple iPad Mini 5th Gen","data":{"Capacity":"64 GB","Screen size":7.9}},{"id":"11","name":"Apple iPad Mini 5th Gen","data":{"Capacity":"254 GB","Screen size":7.9}},{"id":"12","name":"Apple iPad Air","data":{"Generation":"4th","Price":"419.99","Capacity":"64 GB"}},{"id":"13","name":"Apple iPad Air","data":{"Generation":"4th","Price":"519.99","Capacity":"256 GB"}}] 
2025-09-25 01:35:27 [INFO] Checking JSON path: name | Expected(raw): ${context:name} (resolved: Stephaine) | Actual: Stephaine 
2025-09-25 01:35:27 [INFO] Checking JSON path: status | Expected(raw): 404 (resolved: 404) | Actual: 404 
2025-09-25 01:35:27 [INFO] Checking JSON path: name | Expected(raw): ${context:name} (resolved: Kiera) | Actual: Kiera 
2025-09-25 01:35:27 [INFO] 🔍 Resolving value token: Not Found 
2025-09-25 01:35:27 [INFO] Checking JSON path: [0].id | Expected(raw): 1 (resolved: 1) | Actual: 1 
2025-09-25 01:35:27 [INFO] Checking JSON path: [0].id | Expected(raw): ${context:myId} (resolved: 7) | Actual: 7 
2025-09-25 01:35:27 [INFO] Checking JSON path: data.year | Expected(raw): ${context:year} (resolved: 5591) | Actual: 5591 
2025-09-25 01:35:27 [INFO] Checking JSON path: error | Expected(raw): Not Found (resolved: Not Found) | Actual: Not Found 
2025-09-25 01:35:27 [INFO] Checking JSON path: data.year | Expected(raw): ${context:year} (resolved: 2301) | Actual: 2301 
2025-09-25 01:35:27 [INFO] ✅ Finished scenario: Create User API - Positive Scenario 
2025-09-25 01:35:28 [INFO] Checking JSON path: data.price | Expected(raw): ${context:price} (resolved: 785.84) | Actual: 785.84 
2025-09-25 01:35:28 [INFO] Checking JSON path: data.price | Expected(raw): ${context:price} (resolved: 837.33) | Actual: 837.33 
2025-09-25 01:35:28 [INFO] Checking JSON path: [0].name | Expected(raw): Google Pixel 6 Pro (resolved: Google Pixel 6 Pro) | Actual: Google Pixel 6 Pro 
2025-09-25 01:35:28 [INFO] Checking JSON path: id | Expected(raw): __notempty__ (resolved: __notempty__) | Actual: ff8081819782e69e01997d54a71926de 
2025-09-25 01:35:28 [INFO] Checking JSON path: id | Expected(raw): __notempty__ (resolved: __notempty__) | Actual: ff8081819782e69e01997d54a2d426dd 
2025-09-25 01:35:28 [INFO] Checking JSON path: createdAt | Expected(raw): __exists__ (resolved: __exists__) | Actual: 2025-09-24T20:05:23.865+00:00 
2025-09-25 01:35:28 [INFO] Checking JSON path: createdAt | Expected(raw): __exists__ (resolved: __exists__) | Actual: 2025-09-24T20:05:22.772+00:00 
2025-09-25 01:35:31 [INFO] Asserting response status. Expected: 200, Actual: 200 
