2025-09-25 01:35:20 [INFO] ðŸš€ Starting scenario: Get objects with dynamically generated IDs 
2025-09-25 01:35:20 [INFO] Loading API spec: get_objects_by_ids.yaml 
2025-09-25 01:35:20 [INFO] ðŸ” Resolving value token: ${randomId1=number:3} 
2025-09-25 01:35:20 [INFO] âœ¨ Generated and saved number:3 for key randomId1 -> 107 
2025-09-25 01:35:20 [INFO] Override -> key: query:id | value: 107 
2025-09-25 01:35:20 [INFO] ðŸ” Resolving value token: ${randomId2=number:3} 
2025-09-25 01:35:20 [INFO] âœ¨ Generated and saved number:3 for key randomId2 -> 406 
2025-09-25 01:35:20 [INFO] Override -> key: query:id | value: 406 
2025-09-25 01:35:20 [INFO] ðŸ” Resolving value token: ${myId=number:1} 
2025-09-25 01:35:20 [INFO] âœ¨ Generated and saved number:1 for key myId -> 7 
2025-09-25 01:35:20 [INFO] Override -> key: query:id | value: 7 
2025-09-25 01:35:20 [INFO] Calling API GET /objects 
2025-09-25 01:35:20 [INFO] Path params: {} 
2025-09-25 01:35:20 [INFO] Query params: {id=[107, 406, 7]} 
2025-09-25 01:35:24 [INFO] Response status: 200 
2025-09-25 01:35:24 [INFO] Response body: [
    {
        "id": "7",
        "name": "Apple MacBook Pro 16",
        "data": {
            "year": 2019,
            "price": 1849.99,
            "CPU model": "Intel Core i9",
            "Hard disk size": "1 TB"
        }
    }
] 
2025-09-25 01:35:24 [INFO] ðŸ” Resolving value token: ${context:myId} 
2025-09-25 01:35:24 [INFO] ðŸ“¦ Using context value for key: myId -> 7 
2025-09-25 01:35:27 [INFO] âœ… Finished scenario: Get objects with dynamically generated IDs 
